{"/Users/yunjeongmin/Desktop/항공대/4-1/캡디/TestCI/test-harness-demo/src/discount.js": {"path":"/Users/yunjeongmin/Desktop/항공대/4-1/캡디/TestCI/test-harness-demo/src/discount.js","statementMap":{"0":{"start":{"line":1,"column":23},"end":{"line":6,"column":1}},"1":{"start":{"line":8,"column":21},"end":{"line":8,"column":26}},"2":{"start":{"line":11,"column":2},"end":{"line":13,"column":3}},"3":{"start":{"line":12,"column":4},"end":{"line":12,"column":46}},"4":{"start":{"line":14,"column":2},"end":{"line":16,"column":3}},"5":{"start":{"line":15,"column":4},"end":{"line":15,"column":50}},"6":{"start":{"line":17,"column":2},"end":{"line":19,"column":3}},"7":{"start":{"line":18,"column":4},"end":{"line":18,"column":55}},"8":{"start":{"line":21,"column":19},"end":{"line":21,"column":52}},"9":{"start":{"line":22,"column":2},"end":{"line":22,"column":42}},"10":{"start":{"line":25,"column":0},"end":{"line":25,"column":39}}},"fnMap":{"0":{"name":"calculateDiscount","decl":{"start":{"line":10,"column":9},"end":{"line":10,"column":26}},"loc":{"start":{"line":10,"column":45},"end":{"line":23,"column":1}},"line":10}},"branchMap":{"0":{"loc":{"start":{"line":11,"column":2},"end":{"line":13,"column":3}},"type":"if","locations":[{"start":{"line":11,"column":2},"end":{"line":13,"column":3}},{"start":{},"end":{}}],"line":11},"1":{"loc":{"start":{"line":11,"column":6},"end":{"line":11,"column":47}},"type":"binary-expr","locations":[{"start":{"line":11,"column":6},"end":{"line":11,"column":31}},{"start":{"line":11,"column":35},"end":{"line":11,"column":47}}],"line":11},"2":{"loc":{"start":{"line":14,"column":2},"end":{"line":16,"column":3}},"type":"if","locations":[{"start":{"line":14,"column":2},"end":{"line":16,"column":3}},{"start":{},"end":{}}],"line":14},"3":{"loc":{"start":{"line":17,"column":2},"end":{"line":19,"column":3}},"type":"if","locations":[{"start":{"line":17,"column":2},"end":{"line":19,"column":3}},{"start":{},"end":{}}],"line":17}},"s":{"0":2,"1":2,"2":19,"3":1,"4":18,"5":1,"6":17,"7":1,"8":16,"9":16,"10":2},"f":{"0":19},"b":{"0":[1,18],"1":[19,18],"2":[1,17],"3":[1,16]},"_coverageSchema":"1a1c01bbd47fc00a2c39e90264f33305004495a9","hash":"03c6179433bacf2d47f252c34dd99834709d927b"}
,"/Users/yunjeongmin/Desktop/항공대/4-1/캡디/TestCI/test-harness-demo/src/order.js": {"path":"/Users/yunjeongmin/Desktop/항공대/4-1/캡디/TestCI/test-harness-demo/src/order.js","statementMap":{"0":{"start":{"line":1,"column":23},"end":{"line":1,"column":40}},"1":{"start":{"line":2,"column":30},"end":{"line":2,"column":51}},"2":{"start":{"line":4,"column":25},"end":{"line":4,"column":30}},"3":{"start":{"line":5,"column":32},"end":{"line":5,"column":37}},"4":{"start":{"line":6,"column":21},"end":{"line":6,"column":25}},"5":{"start":{"line":9,"column":2},"end":{"line":11,"column":3}},"6":{"start":{"line":10,"column":4},"end":{"line":10,"column":55}},"7":{"start":{"line":13,"column":21},"end":{"line":13,"column":85}},"8":{"start":{"line":13,"column":49},"end":{"line":13,"column":81}},"9":{"start":{"line":15,"column":2},"end":{"line":17,"column":3}},"10":{"start":{"line":16,"column":4},"end":{"line":16,"column":67}},"11":{"start":{"line":19,"column":19},"end":{"line":19,"column":59}},"12":{"start":{"line":20,"column":22},"end":{"line":20,"column":78}},"13":{"start":{"line":21,"column":21},"end":{"line":21,"column":56}},"14":{"start":{"line":23,"column":2},"end":{"line":33,"column":4}},"15":{"start":{"line":36,"column":0},"end":{"line":36,"column":33}}},"fnMap":{"0":{"name":"createOrder","decl":{"start":{"line":8,"column":9},"end":{"line":8,"column":20}},"loc":{"start":{"line":8,"column":47},"end":{"line":34,"column":1}},"line":8},"1":{"name":"(anonymous_1)","decl":{"start":{"line":13,"column":34},"end":{"line":13,"column":35}},"loc":{"start":{"line":13,"column":49},"end":{"line":13,"column":81}},"line":13}},"branchMap":{"0":{"loc":{"start":{"line":9,"column":2},"end":{"line":11,"column":3}},"type":"if","locations":[{"start":{"line":9,"column":2},"end":{"line":11,"column":3}},{"start":{},"end":{}}],"line":9},"1":{"loc":{"start":{"line":9,"column":6},"end":{"line":9,"column":49}},"type":"binary-expr","locations":[{"start":{"line":9,"column":6},"end":{"line":9,"column":27}},{"start":{"line":9,"column":31},"end":{"line":9,"column":49}}],"line":9},"2":{"loc":{"start":{"line":15,"column":2},"end":{"line":17,"column":3}},"type":"if","locations":[{"start":{"line":15,"column":2},"end":{"line":17,"column":3}},{"start":{},"end":{}}],"line":15},"3":{"loc":{"start":{"line":20,"column":22},"end":{"line":20,"column":78}},"type":"cond-expr","locations":[{"start":{"line":20,"column":62},"end":{"line":20,"column":63}},{"start":{"line":20,"column":66},"end":{"line":20,"column":78}}],"line":20}},"s":{"0":1,"1":1,"2":1,"3":1,"4":1,"5":10,"6":1,"7":9,"8":9,"9":9,"10":1,"11":8,"12":8,"13":8,"14":8,"15":1},"f":{"0":10,"1":9},"b":{"0":[1,9],"1":[10,10],"2":[1,8],"3":[7,1]},"_coverageSchema":"1a1c01bbd47fc00a2c39e90264f33305004495a9","hash":"745486908e640ac317ac0fded9e698948b5d42cc"}
,"/Users/yunjeongmin/Desktop/항공대/4-1/캡디/TestCI/test-harness-demo/src/payment.js": {"path":"/Users/yunjeongmin/Desktop/항공대/4-1/캡디/TestCI/test-harness-demo/src/payment.js","statementMap":{"0":{"start":{"line":1,"column":23},"end":{"line":1,"column":40}},"1":{"start":{"line":3,"column":22},"end":{"line":3,"column":47}},"2":{"start":{"line":6,"column":2},"end":{"line":8,"column":3}},"3":{"start":{"line":7,"column":4},"end":{"line":7,"column":37}},"4":{"start":{"line":9,"column":2},"end":{"line":11,"column":3}},"5":{"start":{"line":10,"column":4},"end":{"line":10,"column":63}},"6":{"start":{"line":13,"column":2},"end":{"line":18,"column":3}},"7":{"start":{"line":14,"column":20},"end":{"line":14,"column":55}},"8":{"start":{"line":15,"column":4},"end":{"line":17,"column":5}},"9":{"start":{"line":16,"column":6},"end":{"line":16,"column":52}},"10":{"start":{"line":20,"column":2},"end":{"line":27,"column":4}},"11":{"start":{"line":30,"column":0},"end":{"line":30,"column":36}}},"fnMap":{"0":{"name":"processPayment","decl":{"start":{"line":5,"column":15},"end":{"line":5,"column":29}},"loc":{"start":{"line":5,"column":69},"end":{"line":28,"column":1}},"line":5}},"branchMap":{"0":{"loc":{"start":{"line":6,"column":2},"end":{"line":8,"column":3}},"type":"if","locations":[{"start":{"line":6,"column":2},"end":{"line":8,"column":3}},{"start":{},"end":{}}],"line":6},"1":{"loc":{"start":{"line":6,"column":6},"end":{"line":6,"column":40}},"type":"binary-expr","locations":[{"start":{"line":6,"column":6},"end":{"line":6,"column":12}},{"start":{"line":6,"column":16},"end":{"line":6,"column":40}}],"line":6},"2":{"loc":{"start":{"line":9,"column":2},"end":{"line":11,"column":3}},"type":"if","locations":[{"start":{"line":9,"column":2},"end":{"line":11,"column":3}},{"start":{},"end":{}}],"line":9},"3":{"loc":{"start":{"line":13,"column":2},"end":{"line":18,"column":3}},"type":"if","locations":[{"start":{"line":13,"column":2},"end":{"line":18,"column":3}},{"start":{},"end":{}}],"line":13},"4":{"loc":{"start":{"line":15,"column":4},"end":{"line":17,"column":5}},"type":"if","locations":[{"start":{"line":15,"column":4},"end":{"line":17,"column":5}},{"start":{},"end":{}}],"line":15}},"s":{"0":1,"1":1,"2":10,"3":2,"4":8,"5":1,"6":7,"7":5,"8":5,"9":2,"10":5,"11":1},"f":{"0":10},"b":{"0":[2,8],"1":[10,9],"2":[1,7],"3":[5,2],"4":[2,3]},"_coverageSchema":"1a1c01bbd47fc00a2c39e90264f33305004495a9","hash":"ed58407394ad531be0fff2f880a5a8d1f71e6c1d"}
,"/Users/yunjeongmin/Desktop/항공대/4-1/캡디/TestCI/test-harness-demo/tests/fixtures/orderFixtures.js": {"path":"/Users/yunjeongmin/Desktop/항공대/4-1/캡디/TestCI/test-harness-demo/tests/fixtures/orderFixtures.js","statementMap":{"0":{"start":{"line":2,"column":2},"end":{"line":2,"column":45}},"1":{"start":{"line":2,"column":28},"end":{"line":2,"column":45}},"2":{"start":{"line":3,"column":2},"end":{"line":6,"column":4}},"3":{"start":{"line":10,"column":19},"end":{"line":20,"column":3}},"4":{"start":{"line":21,"column":2},"end":{"line":21,"column":39}},"5":{"start":{"line":24,"column":0},"end":{"line":24,"column":54}}},"fnMap":{"0":{"name":"createTestItems","decl":{"start":{"line":1,"column":9},"end":{"line":1,"column":24}},"loc":{"start":{"line":1,"column":41},"end":{"line":7,"column":1}},"line":1},"1":{"name":"createTestOrder","decl":{"start":{"line":9,"column":9},"end":{"line":9,"column":24}},"loc":{"start":{"line":9,"column":41},"end":{"line":22,"column":1}},"line":9}},"branchMap":{"0":{"loc":{"start":{"line":1,"column":25},"end":{"line":1,"column":39}},"type":"default-arg","locations":[{"start":{"line":1,"column":37},"end":{"line":1,"column":39}}],"line":1},"1":{"loc":{"start":{"line":2,"column":2},"end":{"line":2,"column":45}},"type":"if","locations":[{"start":{"line":2,"column":2},"end":{"line":2,"column":45}},{"start":{},"end":{}}],"line":2},"2":{"loc":{"start":{"line":9,"column":25},"end":{"line":9,"column":39}},"type":"default-arg","locations":[{"start":{"line":9,"column":37},"end":{"line":9,"column":39}}],"line":9}},"s":{"0":17,"1":8,"2":9,"3":9,"4":9,"5":2},"f":{"0":17,"1":9},"b":{"0":[9],"1":[8,9],"2":[1]},"_coverageSchema":"1a1c01bbd47fc00a2c39e90264f33305004495a9","hash":"f3a84f1450b26bf7c0b78e1b2039940391c86554"}
}
