TN:
SF:src/discount.js
FN:10,calculateDiscount
FNF:1
FNH:1
FNDA:19,calculateDiscount
DA:1,2
DA:8,2
DA:11,19
DA:12,1
DA:14,18
DA:15,1
DA:17,17
DA:18,1
DA:21,16
DA:22,16
DA:25,2
LF:11
LH:11
BRDA:11,0,0,1
BRDA:11,0,1,18
BRDA:11,1,0,19
BRDA:11,1,1,18
BRDA:14,2,0,1
BRDA:14,2,1,17
BRDA:17,3,0,1
BRDA:17,3,1,16
BRF:8
BRH:8
end_of_record
TN:
SF:src/order.js
FN:8,createOrder
FN:13,(anonymous_1)
FNF:2
FNH:2
FNDA:10,createOrder
FNDA:9,(anonymous_1)
DA:1,1
DA:2,1
DA:4,1
DA:5,1
DA:6,1
DA:9,10
DA:10,1
DA:13,9
DA:15,9
DA:16,1
DA:19,8
DA:20,8
DA:21,8
DA:23,8
DA:36,1
LF:15
LH:15
BRDA:9,0,0,1
BRDA:9,0,1,9
BRDA:9,1,0,10
BRDA:9,1,1,10
BRDA:15,2,0,1
BRDA:15,2,1,8
BRDA:20,3,0,7
BRDA:20,3,1,1
BRF:8
BRH:8
end_of_record
TN:
SF:src/payment.js
FN:5,processPayment
FNF:1
FNH:1
FNDA:10,processPayment
DA:1,1
DA:3,1
DA:6,10
DA:7,2
DA:9,8
DA:10,1
DA:13,7
DA:14,5
DA:15,5
DA:16,2
DA:20,5
DA:30,1
LF:12
LH:12
BRDA:6,0,0,2
BRDA:6,0,1,8
BRDA:6,1,0,10
BRDA:6,1,1,9
BRDA:9,2,0,1
BRDA:9,2,1,7
BRDA:13,3,0,5
BRDA:13,3,1,2
BRDA:15,4,0,2
BRDA:15,4,1,3
BRF:10
BRH:10
end_of_record
TN:
SF:tests/fixtures/orderFixtures.js
FN:1,createTestItems
FN:9,createTestOrder
FNF:2
FNH:2
FNDA:17,createTestItems
FNDA:9,createTestOrder
DA:2,17
DA:3,9
DA:10,9
DA:21,9
DA:24,2
LF:5
LH:5
BRDA:1,0,0,9
BRDA:2,1,0,8
BRDA:2,1,1,9
BRDA:9,2,0,1
BRF:4
BRH:4
end_of_record
